<?xml version="1.0" encoding="UTF-8"?>
<!-- Generated by org.testng.reporters.JUnitReportReporter -->
<testsuite hostname="VDX3445" failures="0" tests="1" name="InvokeLayer.BuggyRatingTest" time="52.030" errors="0" timestamp="2021-08-31T17:50:06 NZST" skipped="0">
  <testcase classname="InvokeLayer.BuggyRatingTest" name="functionalTest" time="52.030"/>
  <system-out/>
</testsuite> <!-- InvokeLayer.BuggyRatingTest -->
